<?xml version="1.0" encoding="utf-8"?><testsuites name="pytest tests"><testsuite name="pytest" errors="0" failures="0" skipped="0" tests="33" time="2.705" timestamp="2026-03-21T09:50:57.799561+00:00" hostname="agent-env-c0275b33-c40d-407d-8d38-b7541b8da6f4"><testcase classname="tests.test_auth.TestAuth" name="test_send_otp_success" time="0.200" /><testcase classname="tests.test_auth.TestAuth" name="test_send_otp_unregistered_user" time="0.061" /><testcase classname="tests.test_auth.TestAuth" name="test_verify_otp_success" time="0.099" /><testcase classname="tests.test_auth.TestAuth" name="test_verify_otp_invalid" time="0.093" /><testcase classname="tests.test_auth.TestAuth" name="test_get_me_authenticated" time="0.141" /><testcase classname="tests.test_auth.TestAuth" name="test_get_me_unauthenticated" time="0.044" /><testcase classname="tests.test_dashboard.TestDashboard" name="test_get_dashboard_stats" time="0.051" /><testcase classname="tests.test_dashboard.TestDashboard" name="test_dashboard_stats_staff_access" time="0.137" /><testcase classname="tests.test_dashboard.TestDashboard" name="test_audit_logs_admin_only" time="0.089" /><testcase classname="tests.test_notifications.TestNotifications" name="test_get_notifications" time="0.047" /><testcase classname="tests.test_notifications.TestNotifications" name="test_get_unread_count" time="0.046" /><testcase classname="tests.test_notifications.TestNotifications" name="test_mark_all_read" time="0.090" /><testcase classname="tests.test_notifications.TestNotifications" name="test_notification_created_on_order" time="0.134" /><testcase classname="tests.test_orders.TestOrders" name="test_create_order_admin" time="0.047" /><testcase classname="tests.test_orders.TestOrders" name="test_create_order_staff_forbidden" time="0.045" /><testcase classname="tests.test_orders.TestOrders" name="test_get_orders_list" time="0.133" /><testcase classname="tests.test_orders.TestOrders" name="test_get_orders_with_filter_pending" time="0.048" /><testcase classname="tests.test_orders.TestOrders" name="test_get_orders_with_search" time="0.045" /><testcase classname="tests.test_orders.TestOrders" name="test_get_order_by_id" time="0.048" /><testcase classname="tests.test_orders.TestOrders" name="test_update_order" time="0.092" /><testcase classname="tests.test_orders.TestOrders" name="test_toggle_invoice" time="0.098" /><testcase classname="tests.test_orders.TestOrders" name="test_toggle_transport_slip" time="0.092" /><testcase classname="tests.test_orders.TestOrders" name="test_add_godown_entry" time="0.090" /><testcase classname="tests.test_orders.TestOrders" name="test_godown_ready_status" time="0.047" /><testcase classname="tests.test_orders.TestOrders" name="test_toggle_dispatch" time="0.100" /><testcase classname="tests.test_orders.TestOrders" name="test_delete_order" time="0.088" /><testcase classname="tests.test_users.TestUsers" name="test_get_users_admin" time="0.046" /><testcase classname="tests.test_users.TestUsers" name="test_get_users_staff_forbidden" time="0.044" /><testcase classname="tests.test_users.TestUsers" name="test_create_user" time="0.051" /><testcase classname="tests.test_users.TestUsers" name="test_create_user_duplicate_phone" time="0.054" /><testcase classname="tests.test_users.TestUsers" name="test_verify_user_persistence" time="0.046" /><testcase classname="tests.test_users.TestUsers" name="test_delete_user" time="0.094" /><testcase classname="tests.test_users.TestUsers" name="test_delete_admin_forbidden" time="0.095" /></testsuite></testsuites>